Mar 29 2023 01:02:40
{"type":2,"message":"ini_set(): Headers already sent. You cannot change the session module's ini settings at this time","file":"\/opt\/bitnami\/apps\/wordpress\/htdocs\/wp-config.php","line":6}

Mar 30 2023 01:32:08
{"type":2,"message":"ini_set(): Headers already sent. You cannot change the session module's ini settings at this time","file":"\/opt\/bitnami\/apps\/wordpress\/htdocs\/wp-config.php","line":6}

Mar 31 2023 01:04:15
{"type":2,"message":"ini_set(): Headers already sent. You cannot change the session module's ini settings at this time","file":"\/opt\/bitnami\/apps\/wordpress\/htdocs\/wp-config.php","line":6}

Apr 01 2023 01:25:48
{"type":2,"message":"ini_set(): Headers already sent. You cannot change the session module's ini settings at this time","file":"\/opt\/bitnami\/apps\/wordpress\/htdocs\/wp-config.php","line":6}

Apr 02 2023 01:00:20
{"type":2,"message":"ini_set(): Headers already sent. You cannot change the session module's ini settings at this time","file":"\/opt\/bitnami\/apps\/wordpress\/htdocs\/wp-config.php","line":6}

Apr 03 2023 01:03:13
{"type":2,"message":"ini_set(): Headers already sent. You cannot change the session module's ini settings at this time","file":"\/opt\/bitnami\/apps\/wordpress\/htdocs\/wp-config.php","line":6}

Apr 04 2023 01:00:17
{"type":2,"message":"ini_set(): Headers already sent. You cannot change the session module's ini settings at this time","file":"\/opt\/bitnami\/apps\/wordpress\/htdocs\/wp-config.php","line":6}

Apr 04 2023 01:01:29
{"Number":8,"Message":"fwrite(): write of 8192 bytes failed with errno=28 No space left on device","File":"\/opt\/bitnami\/apps\/wordpress\/htdocs\/wp-content\/plugins\/all-in-one-wp-migration\/functions.php","Line":1476}

Apr 05 2023 01:06:01
{"type":2,"message":"ini_set(): Headers already sent. You cannot change the session module's ini settings at this time","file":"\/opt\/bitnami\/apps\/wordpress\/htdocs\/wp-config.php","line":6}

Apr 05 2023 01:07:06
{"Number":8,"Message":"fwrite(): write of 8192 bytes failed with errno=28 No space left on device","File":"\/opt\/bitnami\/apps\/wordpress\/htdocs\/wp-content\/plugins\/all-in-one-wp-migration\/lib\/vendor\/servmask\/archiver\/class-ai1wm-compressor.php","Line":102}

Apr 06 2023 01:32:34
{"type":2,"message":"ini_set(): Headers already sent. You cannot change the session module's ini settings at this time","file":"\/opt\/bitnami\/apps\/wordpress\/htdocs\/wp-config.php","line":6}

Apr 06 2023 01:33:45
{"Number":8,"Message":"fwrite(): write of 8192 bytes failed with errno=28 No space left on device","File":"\/opt\/bitnami\/apps\/wordpress\/htdocs\/wp-content\/plugins\/all-in-one-wp-migration\/lib\/vendor\/servmask\/archiver\/class-ai1wm-compressor.php","Line":102}

Apr 07 2023 01:04:29
{"type":2,"message":"ini_set(): Headers already sent. You cannot change the session module's ini settings at this time","file":"\/opt\/bitnami\/apps\/wordpress\/htdocs\/wp-config.php","line":6}

Apr 07 2023 01:05:15
{"Number":8,"Message":"fwrite(): write of 8192 bytes failed with errno=28 No space left on device","File":"\/opt\/bitnami\/apps\/wordpress\/htdocs\/wp-content\/plugins\/all-in-one-wp-migration\/lib\/vendor\/servmask\/archiver\/class-ai1wm-compressor.php","Line":102}

Apr 08 2023 01:05:35
{"type":2,"message":"ini_set(): Headers already sent. You cannot change the session module's ini settings at this time","file":"\/opt\/bitnami\/apps\/wordpress\/htdocs\/wp-config.php","line":6}

Apr 08 2023 01:06:16
{"Number":8,"Message":"fwrite(): write of 8192 bytes failed with errno=28 No space left on device","File":"\/opt\/bitnami\/apps\/wordpress\/htdocs\/wp-content\/plugins\/all-in-one-wp-migration\/lib\/vendor\/servmask\/archiver\/class-ai1wm-compressor.php","Line":102}

Apr 09 2023 01:03:17
{"type":2,"message":"ini_set(): Headers already sent. You cannot change the session module's ini settings at this time","file":"\/opt\/bitnami\/apps\/wordpress\/htdocs\/wp-config.php","line":6}

Apr 09 2023 01:03:55
{"Number":8,"Message":"fwrite(): write of 3284 bytes failed with errno=28 No space Apr 09 2023 01:03:56
{"type":8,"message":"fwrite(): write of 185 bytes failed with errno=28 No space left on device","file":"\/opt\/bitnami\/apps\/wordpress\/htdocs\/wp-content\/plugins\/all-in-one-wp-migration\/functions.php","line":1476}

Apr 10 2023 01:02:09
{"type":2,"message":"ini_set(): Headers already sent. You cannot change the session module's ini settings at this time","file":"\/opt\/bitnami\/apps\/wordpress\/htdocs\/wp-config.php","line":6}

Apr 11 2023 01:05:07
{"type":2,"message":"ini_set(): Headers already sent. You cannot change the session module's ini settings at this time","file":"\/opt\/bitnami\/apps\/wordpress\/htdocs\/wp-config.php","line":6}

Apr 12 2023 01:10:12
{"type":2,"message":"ini_set(): Headers already sent. You cannot change the session module's ini settings at this time","file":"\/opt\/bitnami\/apps\/wordpress\/htdocs\/wp-config.php","line":6}

Apr 13 2023 01:05:32
{"type":2,"message":"ini_set(): Headers already sent. You cannot change the session module's ini settings at this time","file":"\/opt\/bitnami\/apps\/wordpress\/htdocs\/wp-config.php","line":6}

